\BOOKMARK [1][-]{section.1}{Course Description}{}% 1
\BOOKMARK [2][-]{subsection.1.1}{Class Time and Location}{section.1}% 2
\BOOKMARK [2][-]{subsection.1.2}{Instructor}{section.1}% 3
\BOOKMARK [2][-]{subsection.1.3}{Text}{section.1}% 4
\BOOKMARK [1][-]{section.2}{Course Materials}{}% 5
\BOOKMARK [1][-]{section.3}{Learning Objective}{}% 6
\BOOKMARK [1][-]{section.4}{Attendance Policy}{}% 7
\BOOKMARK [1][-]{section.5}{Course Assessment}{}% 8
\BOOKMARK [2][-]{subsection.5.1}{Participation and Engagement}{section.5}% 9
\BOOKMARK [2][-]{subsection.5.2}{Mini-quizzes}{section.5}% 10
\BOOKMARK [2][-]{subsection.5.3}{Reading feedback}{section.5}% 11
\BOOKMARK [2][-]{subsection.5.4}{In-class discussion lead and feedback}{section.5}% 12
\BOOKMARK [2][-]{subsection.5.5}{Literature Review}{section.5}% 13
\BOOKMARK [1][-]{section.6}{Grading}{}% 14
\BOOKMARK [1][-]{section.7}{Grading Scale}{}% 15
\BOOKMARK [1][-]{section.8}{Statement on connection to and differences from BIOL 4316}{}% 16
\BOOKMARK [1][-]{section.9}{Missing In-class Activities}{}% 17
\BOOKMARK [2][-]{subsection.9.1}{Illness Based Absence Policy}{section.9}% 18
\BOOKMARK [1][-]{section.10}{COVID-19 Statement}{}% 19
\BOOKMARK [1][-]{section.11}{Special Considerations}{}% 20
\BOOKMARK [2][-]{subsection.11.1}{ADA Statement}{section.11}% 21
\BOOKMARK [2][-]{subsection.11.2}{Religious Holy Days}{section.11}% 22
\BOOKMARK [1][-]{section.12}{TTU Resources for Discrimination, Harassment, and Sexual Violence}{}% 23
\BOOKMARK [1][-]{section.13}{LGBTQIA}{}% 24
\BOOKMARK [1][-]{section.14}{Classroom Civility}{}% 25
\BOOKMARK [1][-]{section.15}{Academic Integrity}{}% 26
\BOOKMARK [1][-]{section.16}{Plagiarism Statement}{}% 27
\BOOKMARK [1][-]{section.17}{Statement about Food Insecurity}{}% 28
\BOOKMARK [1][-]{section.18}{Creating Livable Futures}{}% 29
